<?xml version="1.0" encoding="UTF-8"?>
<!-- Generated by org.testng.reporters.JUnitReportReporter -->
<testsuite skipped="0" hostname="LAPTOP-0MJKVQJF" name="Test.SampleTest" tests="1" failures="0" timestamp="2021-01-30T23:16:55 IST" time="127.598" errors="0">
  <testcase name="searchanyproduct" time="127.598" classname="Test.SampleTest"/>
  <system-out/>
</testsuite> <!-- Test.SampleTest -->
