<?xml version="1.0" encoding="UTF-8"?>
<!-- Generated by org.testng.reporters.JUnitReportReporter -->
<testsuite skipped="0" hostname="LAPTOP-0MJKVQJF" name="Pagesobjects.SearchProduct" tests="1" failures="0" timestamp="2021-01-30T01:00:04 IST" time="118.602" errors="0">
  <testcase name="searchanyproduct" time="118.602" classname="Pagesobjects.SearchProduct"/>
  <system-out/>
</testsuite> <!-- Pagesobjects.SearchProduct -->
